Building DAG of jobs...
Using shell: /usr/bin/bash
Provided cores: 4
Rules claiming more threads will be scaled down.
Job stats:
job                   count
------------------  -------
crassify                  1
run_diamond_blastp        1
total                     2

Select jobs to execute...

[Mon Aug 26 15:03:04 2024]
rule run_diamond_blastp:
    input: diamond_db/query_proteomes.faa, /home/administrator/phd/ICTV_DB/DB_2024/CRASSIFY_DB.dmnd
    output: diamond_db/matches.tsv
    jobid: 1
    reason: Updated input files: /home/administrator/phd/ICTV_DB/DB_2024/CRASSIFY_DB.dmnd
    resources: tmpdir=/tmp

[Mon Aug 26 17:22:14 2024]
Finished job 1.
1 of 2 steps (50%) done
Select jobs to execute...

[Mon Aug 26 17:22:14 2024]
rule crassify:
    input: diamond_db/matches.tsv, diamond_db/query_proteomes.faa, /home/administrator/phd/ICTV_DB/DB_2024/CRASSIFY_DB.dmnd, /home/administrator/phd/ICTV_DB/DB_2024/ICTV_metadata_final.csv
    output: crassify/empress_metadata.tsv, crassify/phylip.dist
    jobid: 0
    reason: Input files updated by another job: diamond_db/matches.tsv
    resources: tmpdir=/tmp

Terminating processes on user request, this might take some time.
[Mon Aug 26 17:29:13 2024]
Error in rule crassify:
    jobid: 0
    input: diamond_db/matches.tsv, diamond_db/query_proteomes.faa, /home/administrator/phd/ICTV_DB/DB_2024/CRASSIFY_DB.dmnd, /home/administrator/phd/ICTV_DB/DB_2024/ICTV_metadata_final.csv
    output: crassify/empress_metadata.tsv, crassify/phylip.dist
    shell:
        python crassify.py -p diamond_db/query_proteomes.faa -m diamond_db/matches.tsv --metadata /home/administrator/phd/ICTV_DB/DB_2024/ICTV_metadata_final.csv --config-file config.yaml
        (one of the commands exited with non-zero exit code; note that snakemake uses bash strict mode!)

Complete log: .snakemake/log/2024-08-26T150304.444570.snakemake.log
