Building DAG of jobs...
Using shell: /usr/bin/bash
Provided cores: 4
Rules claiming more threads will be scaled down.
Job stats:
job                     count
--------------------  -------
crassify                    1
run_diamond_blastp          1
translate_metagenome        1
total                       3

Select jobs to execute...

[Mon Aug 19 16:19:52 2024]
rule translate_metagenome:
    input: /home/administrator/phd/crassify_v2/FST_metagenomes/Bioproject_test_metagenome/contigs/combined.fasta
    output: diamond_db/query_proteomes.faa
    jobid: 2
    reason: Forced execution
    resources: tmpdir=/tmp

[Mon Aug 19 16:26:39 2024]
Finished job 2.
1 of 3 steps (33%) done
Select jobs to execute...

[Mon Aug 19 16:26:39 2024]
rule run_diamond_blastp:
    input: diamond_db/query_proteomes.faa, /home/administrator/phd/ICTV_DB/ICTV_DB.dmnd
    output: diamond_db/matches.tsv
    jobid: 1
    reason: Input files updated by another job: diamond_db/query_proteomes.faa
    resources: tmpdir=/tmp

[Mon Aug 19 16:48:20 2024]
Finished job 1.
2 of 3 steps (67%) done
Select jobs to execute...

[Mon Aug 19 16:48:20 2024]
rule crassify:
    input: diamond_db/matches.tsv, /home/administrator/phd/crassify_v2/FST_metagenomes/Bioproject_test_metagenome/contigs/combined.fasta, /home/administrator/phd/ICTV_DB/ICTV_DB.dmnd, /home/administrator/phd/ICTV_DB/ictv_metadata.csv
    output: crassify/empress_metadata.tsv, crassify/phylip.dist
    jobid: 0
    reason: Input files updated by another job: diamond_db/matches.tsv
    resources: tmpdir=/tmp

[Mon Aug 19 16:48:44 2024]
Finished job 0.
3 of 3 steps (100%) done
Complete log: .snakemake/log/2024-08-19T161951.832005.snakemake.log
