Building DAG of jobs...
Using shell: /usr/bin/bash
Provided cores: 4
Rules claiming more threads will be scaled down.
Job stats:
job                     count
--------------------  -------
crassify                    1
run_diamond_blastp          1
translate_metagenome        1
total                       3

Select jobs to execute...

[Wed Aug 28 13:57:58 2024]
rule translate_metagenome:
    input: /home/administrator/phd/crassify_v2/sample_data/phage_nucleotide_seqs.fasta
    output: diamond_db/query_proteomes.faa
    jobid: 2
    reason: Updated input files: /home/administrator/phd/crassify_v2/sample_data/phage_nucleotide_seqs.fasta
    resources: tmpdir=/tmp

[Wed Aug 28 13:58:19 2024]
Finished job 2.
1 of 3 steps (33%) done
Select jobs to execute...

[Wed Aug 28 13:58:19 2024]
rule run_diamond_blastp:
    input: diamond_db/query_proteomes.faa, /home/administrator/phd/ICTV_DB/DB_2024/CRASSIFY_DB.dmnd
    output: diamond_db/matches.tsv
    jobid: 1
    reason: Input files updated by another job: diamond_db/query_proteomes.faa
    resources: tmpdir=/tmp

[Wed Aug 28 13:59:09 2024]
Finished job 1.
2 of 3 steps (67%) done
Select jobs to execute...

[Wed Aug 28 13:59:09 2024]
rule crassify:
    input: diamond_db/matches.tsv, diamond_db/query_proteomes.faa, /home/administrator/phd/ICTV_DB/DB_2024/CRASSIFY_DB.dmnd, /home/administrator/phd/ICTV_DB/DB_2024/ICTV_metadata_final.csv
    output: crassify/empress_metadata.tsv, crassify/phylip.dist
    jobid: 0
    reason: Input files updated by another job: diamond_db/matches.tsv, diamond_db/query_proteomes.faa
    resources: tmpdir=/tmp

Terminating processes on user request, this might take some time.
Complete log: .snakemake/log/2024-08-28T135758.508107.snakemake.log
