Building DAG of jobs...
Using shell: /usr/bin/bash
Provided cores: 4
Rules claiming more threads will be scaled down.
Job stats:
job         count
--------  -------
all             1
crassify        1
total           2

Select jobs to execute...

[Thu Aug 29 23:50:15 2024]
rule crassify:
    input: /home/administrator/phd/crassify_out/diamond_db/matches.tsv, /home/administrator/phd/crassify_out/diamond_db/query_proteomes.faa, /home/administrator/phd/ICTV_DB/DB_2024/CRASSIFY_DB.dmnd, /home/administrator/phd/ICTV_DB/DB_2024/ICTV_metadata_final.csv
    output: /home/administrator/phd/crassify_out/empress_metadata.tsv, /home/administrator/phd/crassify_out/phylip.dist
    jobid: 1
    reason: Missing output files: /home/administrator/phd/crassify_out/empress_metadata.tsv, /home/administrator/phd/crassify_out/phylip.dist
    resources: tmpdir=/tmp

Waiting at most 5 seconds for missing files.
Terminating processes on user request, this might take some time.
Complete log: .snakemake/log/2024-08-29T235015.273769.snakemake.log
