Building DAG of jobs...
Using shell: /usr/bin/bash
Provided cores: 4
Rules claiming more threads will be scaled down.
Job stats:
job         count
--------  -------
all             1
crassify        1
total           2

Select jobs to execute...

[Thu Aug 29 17:26:11 2024]
rule crassify:
    input: /home/administrator/phd/crassify_out/diamond_db/matches.tsv, /home/administrator/phd/crassify_out/diamond_db/query_proteomes.faa, /home/administrator/phd/ICTV_DB/DB_2024/CRASSIFY_DB.dmnd, /home/administrator/phd/ICTV_DB/DB_2024/ICTV_metadata_final.csv
    output: /home/administrator/phd/crassify_out/empress_metadata.tsv, /home/administrator/phd/crassify_out/phylip.dist
    jobid: 1
    reason: Missing output files: /home/administrator/phd/crassify_out/phylip.dist, /home/administrator/phd/crassify_out/empress_metadata.tsv
    resources: tmpdir=/tmp

Waiting at most 5 seconds for missing files.
MissingOutputException in rule crassify in file /home/administrator/phd/crassify_v2/Snakefile, line 62:
Job 1  completed successfully, but some output files are missing. Missing files after 5 seconds. This might be due to filesystem latency. If that is the case, consider to increase the wait time with --latency-wait:
/home/administrator/phd/crassify_out/empress_metadata.tsv
/home/administrator/phd/crassify_out/phylip.dist
Shutting down, this might take some time.
Exiting because a job execution failed. Look above for error message
Complete log: .snakemake/log/2024-08-29T172611.726052.snakemake.log
