Building DAG of jobs...
Using shell: /usr/bin/bash
Provided cores: 4
Rules claiming more threads will be scaled down.
Job stats:
job                     count
--------------------  -------
all                         1
crassify                    1
decenttree                  1
dendogram                   1
run_diamond_blastp          1
translate_metagenome        1
total                       6

Select jobs to execute...

[Wed Sep 18 18:59:41 2024]
rule translate_metagenome:
    input: /home/administrator/phd/soil_2024/analysis_12_09_24/metabat2_bins_output/.14.fa
    output: /home/administrator/phd/crassify_out/diamond_db/query_proteomes.faa
    jobid: 2
    reason: Missing output files: /home/administrator/phd/crassify_out/diamond_db/query_proteomes.faa; Set of input files has changed since last execution
    resources: tmpdir=/tmp

[Wed Sep 18 19:02:22 2024]
Finished job 2.
1 of 6 steps (17%) done
Select jobs to execute...

[Wed Sep 18 19:02:22 2024]
rule run_diamond_blastp:
    input: /home/administrator/phd/crassify_out/diamond_db/query_proteomes.faa, database/CRASSIFY_DB.dmnd
    output: /home/administrator/phd/crassify_out/diamond_db/matches.tsv
    jobid: 1
    reason: Missing output files: /home/administrator/phd/crassify_out/diamond_db/matches.tsv; Input files updated by another job: /home/administrator/phd/crassify_out/diamond_db/query_proteomes.faa
    resources: tmpdir=/tmp

[Wed Sep 18 19:07:43 2024]
Finished job 1.
2 of 6 steps (33%) done
Select jobs to execute...

[Wed Sep 18 19:07:43 2024]
rule crassify:
    input: /home/administrator/phd/crassify_out/diamond_db/matches.tsv, /home/administrator/phd/crassify_out/diamond_db/query_proteomes.faa, database/CRASSIFY_DB.dmnd, /home/administrator/phd/ICTV_DB/DB_2024/ICTV_metadata.csv
    output: /home/administrator/phd/crassify_out/feature_metadata.tsv, /home/administrator/phd/crassify_out/phylip.dist
    jobid: 4
    reason: Missing output files: /home/administrator/phd/crassify_out/phylip.dist, /home/administrator/phd/crassify_out/feature_metadata.tsv; Input files updated by another job: /home/administrator/phd/crassify_out/diamond_db/matches.tsv, /home/administrator/phd/crassify_out/diamond_db/query_proteomes.faa
    resources: tmpdir=/tmp

Terminating processes on user request, this might take some time.
[Wed Sep 18 19:26:46 2024]
Error in rule crassify:
    jobid: 4
    input: /home/administrator/phd/crassify_out/diamond_db/matches.tsv, /home/administrator/phd/crassify_out/diamond_db/query_proteomes.faa, database/CRASSIFY_DB.dmnd, /home/administrator/phd/ICTV_DB/DB_2024/ICTV_metadata.csv
    output: /home/administrator/phd/crassify_out/feature_metadata.tsv, /home/administrator/phd/crassify_out/phylip.dist
    shell:
        
        python crassify.py         -p /home/administrator/phd/crassify_out/diamond_db/query_proteomes.faa         -m /home/administrator/phd/crassify_out/diamond_db/matches.tsv         --metadata database/DB_metadata.csv         -o /home/administrator/phd/crassify_out
        
        (one of the commands exited with non-zero exit code; note that snakemake uses bash strict mode!)

Complete log: .snakemake/log/2024-09-18T185941.487297.snakemake.log
