Building DAG of jobs...
Using shell: /usr/bin/bash
Provided cores: 4
Rules claiming more threads will be scaled down.
Job stats:
job                     count
--------------------  -------
translate_metagenome        1
total                       1

Select jobs to execute...

[Wed Aug 28 17:19:43 2024]
rule translate_metagenome:
    input: /home/administrator/phd/crassify_v2/sample_data/phage_nucleotide_seqs.fasta
    output: /home/administrator/phd/crassify_out/diamond_db/query_proteomes.faa
    jobid: 0
    reason: Missing output files: /home/administrator/phd/crassify_out/diamond_db/query_proteomes.faa
    resources: tmpdir=/tmp

[Wed Aug 28 17:20:04 2024]
Finished job 0.
1 of 1 steps (100%) done
Complete log: .snakemake/log/2024-08-28T171943.703703.snakemake.log
