Building DAG of jobs...
Using shell: /usr/bin/bash
Provided cores: 4
Rules claiming more threads will be scaled down.
Job stats:
job         count
--------  -------
all             1
crassify        1
total           2

Select jobs to execute...

[Thu Aug 29 23:31:20 2024]
rule crassify:
    input: /home/administrator/phd/crassify_out/diamond_db/matches.tsv, /home/administrator/phd/crassify_out/diamond_db/query_proteomes.faa, /home/administrator/phd/ICTV_DB/DB_2024/CRASSIFY_DB.dmnd, /home/administrator/phd/ICTV_DB/DB_2024/ICTV_metadata_final.csv
    output: /home/administrator/phd/crassify_out/empress_metadata.tsv, /home/administrator/phd/crassify_out/phylip.dist
    jobid: 1
    reason: Missing output files: /home/administrator/phd/crassify_out/phylip.dist, /home/administrator/phd/crassify_out/empress_metadata.tsv
    resources: tmpdir=/tmp

[Thu Aug 29 23:31:26 2024]
Error in rule crassify:
    jobid: 1
    input: /home/administrator/phd/crassify_out/diamond_db/matches.tsv, /home/administrator/phd/crassify_out/diamond_db/query_proteomes.faa, /home/administrator/phd/ICTV_DB/DB_2024/CRASSIFY_DB.dmnd, /home/administrator/phd/ICTV_DB/DB_2024/ICTV_metadata_final.csv
    output: /home/administrator/phd/crassify_out/empress_metadata.tsv, /home/administrator/phd/crassify_out/phylip.dist
    shell:
        
        python crassify_modular.py         -p /home/administrator/phd/crassify_out/diamond_db/query_proteomes.faa         -m /home/administrator/phd/crassify_out/diamond_db/matches.tsv         --metadata /home/administrator/phd/ICTV_DB/DB_2024/ICTV_metadata_final.csv         -o /home/administrator/phd/crassify_out
        
        (one of the commands exited with non-zero exit code; note that snakemake uses bash strict mode!)

Shutting down, this might take some time.
Exiting because a job execution failed. Look above for error message
Complete log: .snakemake/log/2024-08-29T233120.430226.snakemake.log
