Building DAG of jobs...
Using shell: /usr/bin/bash
Provided cores: 4
Rules claiming more threads will be scaled down.
Job stats:
job         count
--------  -------
crassify        1
total           1

Select jobs to execute...

[Mon Aug 19 17:30:41 2024]
rule crassify:
    input: diamond_db/matches.tsv, /home/administrator/phd/crassify_v2/FST_metagenomes/Bioproject_test_metagenome/contigs/combined.fasta, /home/administrator/phd/ICTV_DB/ICTV_DB.dmnd, /home/administrator/phd/ICTV_DB/ictv_metadata.csv
    output: crassify/empress_metadata.tsv, crassify/phylip.dist
    jobid: 0
    reason: Missing output files: crassify/phylip.dist
    resources: tmpdir=/tmp

Terminating processes on user request, this might take some time.
[Mon Aug 19 17:30:45 2024]
Error in rule crassify:
    jobid: 0
    input: diamond_db/matches.tsv, /home/administrator/phd/crassify_v2/FST_metagenomes/Bioproject_test_metagenome/contigs/combined.fasta, /home/administrator/phd/ICTV_DB/ICTV_DB.dmnd, /home/administrator/phd/ICTV_DB/ictv_metadata.csv
    output: crassify/empress_metadata.tsv, crassify/phylip.dist
    shell:
        python crassify.py -p /home/administrator/phd/crassify_v2/FST_metagenomes/Bioproject_test_metagenome/contigs/combined.fasta -m diamond_db/matches.tsv --metadata /home/administrator/phd/ICTV_DB/ictv_metadata.csv --config-file config.yaml
        (one of the commands exited with non-zero exit code; note that snakemake uses bash strict mode!)

Complete log: .snakemake/log/2024-08-19T173040.842738.snakemake.log
