Building DAG of jobs...
Using shell: /usr/bin/bash
Provided cores: 4
Rules claiming more threads will be scaled down.
Job stats:
job                     count
--------------------  -------
crassify                    1
run_diamond_blastp          1
translate_metagenome        1
total                       3

Select jobs to execute...

[Fri Aug 23 20:05:17 2024]
rule translate_metagenome:
    input: /home/administrator/phd/crassify_v2/FST_metagenomes/Bioproject_EU_sewage/combined.fna
    output: diamond_db/query_proteomes.faa
    jobid: 2
    reason: Missing output files: diamond_db/query_proteomes.faa; Set of input files has changed since last execution
    resources: tmpdir=/tmp

[Fri Aug 23 20:24:15 2024]
Finished job 2.
1 of 3 steps (33%) done
Select jobs to execute...

[Fri Aug 23 20:24:15 2024]
rule run_diamond_blastp:
    input: diamond_db/query_proteomes.faa, /home/administrator/phd/ICTV_DB/DB_2024/CRASSIFY_DB.dmnd
    output: diamond_db/matches.tsv
    jobid: 1
    reason: Missing output files: diamond_db/matches.tsv; Input files updated by another job: diamond_db/query_proteomes.faa
    resources: tmpdir=/tmp

[Fri Aug 23 21:26:20 2024]
Finished job 1.
2 of 3 steps (67%) done
Select jobs to execute...

[Fri Aug 23 21:26:20 2024]
rule crassify:
    input: diamond_db/matches.tsv, diamond_db/query_proteomes.faa, /home/administrator/phd/ICTV_DB/DB_2024/CRASSIFY_DB.dmnd, /home/administrator/phd/ICTV_DB/DB_2024/ICTV_metadata_final.csv
    output: crassify/empress_metadata.tsv, crassify/phylip.dist
    jobid: 0
    reason: Input files updated by another job: diamond_db/query_proteomes.faa, diamond_db/matches.tsv
    resources: tmpdir=/tmp

[Fri Aug 23 21:29:45 2024]
Error in rule crassify:
    jobid: 0
    input: diamond_db/matches.tsv, diamond_db/query_proteomes.faa, /home/administrator/phd/ICTV_DB/DB_2024/CRASSIFY_DB.dmnd, /home/administrator/phd/ICTV_DB/DB_2024/ICTV_metadata_final.csv
    output: crassify/empress_metadata.tsv, crassify/phylip.dist
    shell:
        python crassify.py -p diamond_db/query_proteomes.faa -m diamond_db/matches.tsv --metadata /home/administrator/phd/ICTV_DB/DB_2024/ICTV_metadata_final.csv --config-file config.yaml
        (one of the commands exited with non-zero exit code; note that snakemake uses bash strict mode!)

Removing output files of failed job crassify since they might be corrupted:
crassify/empress_metadata.tsv
Shutting down, this might take some time.
Exiting because a job execution failed. Look above for error message
Complete log: .snakemake/log/2024-08-23T200516.697177.snakemake.log
