Building DAG of jobs...
Using shell: /usr/bin/bash
Provided cores: 4
Rules claiming more threads will be scaled down.
Job stats:
job                   count
------------------  -------
all                       1
crassify                  1
decenttree                1
dendogram                 1
run_diamond_blastp        1
total                     5

Select jobs to execute...

[Tue Sep 24 12:58:08 2024]
rule run_diamond_blastp:
    input: /home/administrator/phd/crassify_v2/sample_data/known_phage_seqs.faa, database/CRASSIFY_DB.dmnd
    output: /home/administrator/phd/crassify_out/diamond_db/matches.tsv
    jobid: 1
    reason: Missing output files: /home/administrator/phd/crassify_out/diamond_db/matches.tsv
    resources: tmpdir=/tmp

Terminating processes on user request, this might take some time.
[Tue Sep 24 12:58:21 2024]
Error in rule run_diamond_blastp:
    jobid: 1
    input: /home/administrator/phd/crassify_v2/sample_data/known_phage_seqs.faa, database/CRASSIFY_DB.dmnd
    output: /home/administrator/phd/crassify_out/diamond_db/matches.tsv
    shell:
        diamond blastp -d database/CRASSIFY_DB.dmnd -q /home/administrator/phd/crassify_v2/sample_data/known_phage_seqs.faa --ultra-sensitive --no-self-hits --max-target-seqs 5 --evalue 0.001 -o /home/administrator/phd/crassify_out/diamond_db/matches.tsv
        (one of the commands exited with non-zero exit code; note that snakemake uses bash strict mode!)

Complete log: .snakemake/log/2024-09-24T125807.745272.snakemake.log
