Building DAG of jobs...
Using shell: /usr/bin/bash
Provided cores: 4
Rules claiming more threads will be scaled down.
Job stats:
job         count
--------  -------
crassify        1
total           1

Select jobs to execute...

[Tue Aug 27 12:02:12 2024]
rule crassify:
    input: diamond_db/matches.tsv, diamond_db/query_proteomes.faa, /home/administrator/phd/ICTV_DB/DB_2024/CRASSIFY_DB.dmnd, /home/administrator/phd/ICTV_DB/DB_2024/ICTV_metadata_final.csv
    output: crassify/empress_metadata.tsv, crassify/phylip.dist
    jobid: 0
    reason: Missing output files: crassify/phylip.dist
    resources: tmpdir=/tmp

Terminating processes on user request, this might take some time.
[Tue Aug 27 12:07:46 2024]
Error in rule crassify:
    jobid: 0
    input: diamond_db/matches.tsv, diamond_db/query_proteomes.faa, /home/administrator/phd/ICTV_DB/DB_2024/CRASSIFY_DB.dmnd, /home/administrator/phd/ICTV_DB/DB_2024/ICTV_metadata_final.csv
    output: crassify/empress_metadata.tsv, crassify/phylip.dist
    shell:
        python crassify.py -p diamond_db/query_proteomes.faa -m diamond_db/matches.tsv --metadata /home/administrator/phd/ICTV_DB/DB_2024/ICTV_metadata_final.csv --config-file config.yaml
        (one of the commands exited with non-zero exit code; note that snakemake uses bash strict mode!)

Complete log: .snakemake/log/2024-08-27T120211.785105.snakemake.log
