Building DAG of jobs...
Using shell: /usr/bin/bash
Provided cores: 4
Rules claiming more threads will be scaled down.
Job stats:
job                   count
------------------  -------
all                       1
crassify                  1
run_diamond_blastp        1
total                     3

Select jobs to execute...

[Mon Sep  2 15:25:14 2024]
rule run_diamond_blastp:
    input: /home/administrator/phd/crassify_out/diamond_db/query_proteomes.faa, /home/administrator/phd/ICTV_DB/DB_2024/CRASSIFY_DB.dmnd
    output: /home/administrator/phd/crassify_out/diamond_db/matches.tsv
    jobid: 2
    reason: Updated input files: /home/administrator/phd/ICTV_DB/DB_2024/CRASSIFY_DB.dmnd
    resources: tmpdir=/tmp

[Mon Sep  2 15:26:11 2024]
Finished job 2.
1 of 3 steps (33%) done
Select jobs to execute...

[Mon Sep  2 15:26:11 2024]
rule crassify:
    input: /home/administrator/phd/crassify_out/diamond_db/matches.tsv, /home/administrator/phd/crassify_out/diamond_db/query_proteomes.faa, /home/administrator/phd/ICTV_DB/DB_2024/CRASSIFY_DB.dmnd, /home/administrator/phd/ICTV_DB/DB_2024/ICTV_metadata_final.csv
    output: /home/administrator/phd/crassify_out/empress_metadata.tsv, /home/administrator/phd/crassify_out/phylip.dist
    jobid: 1
    reason: Missing output files: /home/administrator/phd/crassify_out/empress_metadata.tsv, /home/administrator/phd/crassify_out/phylip.dist; Input files updated by another job: /home/administrator/phd/crassify_out/diamond_db/matches.tsv
    resources: tmpdir=/tmp

[Mon Sep  2 15:26:17 2024]
Error in rule crassify:
    jobid: 1
    input: /home/administrator/phd/crassify_out/diamond_db/matches.tsv, /home/administrator/phd/crassify_out/diamond_db/query_proteomes.faa, /home/administrator/phd/ICTV_DB/DB_2024/CRASSIFY_DB.dmnd, /home/administrator/phd/ICTV_DB/DB_2024/ICTV_metadata_final.csv
    output: /home/administrator/phd/crassify_out/empress_metadata.tsv, /home/administrator/phd/crassify_out/phylip.dist
    shell:
        
        python crassify_modular.py         -p /home/administrator/phd/crassify_out/diamond_db/query_proteomes.faa         -m /home/administrator/phd/crassify_out/diamond_db/matches.tsv         --metadata /home/administrator/phd/ICTV_DB/DB_2024/ICTV_metadata_final.csv         -o /home/administrator/phd/crassify_out
        
        (one of the commands exited with non-zero exit code; note that snakemake uses bash strict mode!)

Shutting down, this might take some time.
Exiting because a job execution failed. Look above for error message
Complete log: .snakemake/log/2024-09-02T152514.405350.snakemake.log
