Building DAG of jobs...
Using shell: /usr/bin/bash
Provided cores: 4
Rules claiming more threads will be scaled down.
Job stats:
job                     count
--------------------  -------
crassify                    1
run_diamond_blastp          1
translate_metagenome        1
total                       3

Select jobs to execute...

[Tue Aug 20 14:52:24 2024]
rule translate_metagenome:
    input: /home/administrator/phd/crassify_v2/FST_metagenomes/Glasgow_drinking_water/combined.fasta
    output: diamond_db/query_proteomes.faa
    jobid: 2
    reason: Missing output files: diamond_db/query_proteomes.faa; Set of input files has changed since last execution
    resources: tmpdir=/tmp

[Tue Aug 20 16:03:36 2024]
Finished job 2.
1 of 3 steps (33%) done
Select jobs to execute...

[Tue Aug 20 16:03:36 2024]
rule run_diamond_blastp:
    input: diamond_db/query_proteomes.faa, /home/administrator/phd/ICTV_DB/ICTV_DB.dmnd
    output: diamond_db/matches.tsv
    jobid: 1
    reason: Missing output files: diamond_db/matches.tsv; Input files updated by another job: diamond_db/query_proteomes.faa
    resources: tmpdir=/tmp

[Tue Aug 20 19:16:19 2024]
Finished job 1.
2 of 3 steps (67%) done
Select jobs to execute...

[Tue Aug 20 19:16:19 2024]
rule crassify:
    input: diamond_db/matches.tsv, diamond_db/query_proteomes.faa, /home/administrator/phd/ICTV_DB/ICTV_DB.dmnd, /home/administrator/phd/ICTV_DB/ictv_metadata.csv
    output: crassify/empress_metadata.tsv, crassify/phylip.dist
    jobid: 0
    reason: Input files updated by another job: diamond_db/matches.tsv, diamond_db/query_proteomes.faa
    resources: tmpdir=/tmp

Terminating processes on user request, this might take some time.
Cancelling snakemake on user request.
