Building DAG of jobs...
Using shell: /usr/bin/bash
Provided cores: 4
Rules claiming more threads will be scaled down.
Job stats:
job                   count
------------------  -------
all                       1
crassify                  1
decenttree                1
dendogram                 1
run_diamond_blastp        1
total                     5

Select jobs to execute...

[Tue Sep 24 09:51:47 2024]
rule run_diamond_blastp:
    input: /home/administrator/phd/crassify_out/diamond_db/query_proteomes.faa, database/CRASSIFY_DB.dmnd
    output: /home/administrator/phd/crassify_out/diamond_db/matches.tsv
    jobid: 1
    reason: Forced execution
    resources: tmpdir=/tmp

[Tue Sep 24 09:52:05 2024]
Finished job 1.
1 of 5 steps (20%) done
Select jobs to execute...

[Tue Sep 24 09:52:05 2024]
rule crassify:
    input: /home/administrator/phd/crassify_out/diamond_db/matches.tsv, /home/administrator/phd/crassify_out/diamond_db/query_proteomes.faa, database/CRASSIFY_DB.dmnd, /home/administrator/phd/ICTV_DB/DB_2024/ICTV_metadata.csv
    output: /home/administrator/phd/crassify_out/feature_metadata.tsv, /home/administrator/phd/crassify_out/phylip.dist
    jobid: 4
    reason: Missing output files: /home/administrator/phd/crassify_out/feature_metadata.tsv, /home/administrator/phd/crassify_out/phylip.dist; Input files updated by another job: /home/administrator/phd/crassify_out/diamond_db/matches.tsv
    resources: tmpdir=/tmp

[Tue Sep 24 09:52:09 2024]
Error in rule crassify:
    jobid: 4
    input: /home/administrator/phd/crassify_out/diamond_db/matches.tsv, /home/administrator/phd/crassify_out/diamond_db/query_proteomes.faa, database/CRASSIFY_DB.dmnd, /home/administrator/phd/ICTV_DB/DB_2024/ICTV_metadata.csv
    output: /home/administrator/phd/crassify_out/feature_metadata.tsv, /home/administrator/phd/crassify_out/phylip.dist
    shell:
        
        python crassify.py         -p /home/administrator/phd/crassify_out/diamond_db/query_proteomes.faa         -m /home/administrator/phd/crassify_out/diamond_db/matches.tsv         --metadata database/DB_metadata.csv         -o /home/administrator/phd/crassify_out
        
        (one of the commands exited with non-zero exit code; note that snakemake uses bash strict mode!)

Removing output files of failed job crassify since they might be corrupted:
/home/administrator/phd/crassify_out/feature_metadata.tsv
Shutting down, this might take some time.
Exiting because a job execution failed. Look above for error message
Complete log: .snakemake/log/2024-09-24T095147.408787.snakemake.log
