Building DAG of jobs...
Using shell: /usr/bin/bash
Provided cores: 4
Rules claiming more threads will be scaled down.
Job stats:
job                     count
--------------------  -------
translate_metagenome        1
total                       1

Select jobs to execute...

[Tue Sep 24 12:50:36 2024]
rule translate_metagenome:
    input: /home/administrator/phd/crassify_v2/sample_data/known_phage_seqs.faa
    output: /home/administrator/phd/crassify_out/diamond_db/query_proteomes.faa
    jobid: 0
    reason: Missing output files: /home/administrator/phd/crassify_out/diamond_db/query_proteomes.faa
    resources: tmpdir=/tmp

[Tue Sep 24 12:50:36 2024]
Finished job 0.
1 of 1 steps (100%) done
Complete log: .snakemake/log/2024-09-24T125036.079563.snakemake.log
