Building DAG of jobs...
Using shell: /usr/bin/bash
Provided cores: 4
Rules claiming more threads will be scaled down.
Job stats:
job                     count
--------------------  -------
translate_metagenome        1
total                       1

Select jobs to execute...

[Mon Aug 19 16:14:34 2024]
rule translate_metagenome:
    input: /home/administrator/phd/crassify_v2/FST_metagenomes/Bioproject_test_metagenome/contigs/combined.fasta
    output: diamond_db/query_proteomes.faa
    jobid: 0
    reason: Missing output files: diamond_db/query_proteomes.faa
    resources: tmpdir=/tmp

Terminating processes on user request, this might take some time.
[Mon Aug 19 16:15:06 2024]
Error in rule translate_metagenome:
    jobid: 0
    input: /home/administrator/phd/crassify_v2/FST_metagenomes/Bioproject_test_metagenome/contigs/combined.fasta
    output: diamond_db/query_proteomes.faa
    shell:
        prodigal -i /home/administrator/phd/crassify_v2/FST_metagenomes/Bioproject_test_metagenome/contigs/combined.fasta -a diamond_db/query_proteomes.faa
        (one of the commands exited with non-zero exit code; note that snakemake uses bash strict mode!)

Complete log: .snakemake/log/2024-08-19T161434.713171.snakemake.log
