Building DAG of jobs...
Using shell: /usr/bin/bash
Provided cores: 4
Rules claiming more threads will be scaled down.
Job stats:
job                     count
--------------------  -------
all                         1
check_circularity           1
crassify                    1
decenttree                  1
dendogram                   1
run_diamond_blastp          1
translate_metagenome        1
total                       7

Select jobs to execute...

[Sun Aug 31 17:13:47 2025]
rule translate_metagenome:
    input: /home/administrator/phd/soil_2025/combined_easy_cluster_min_seq_id_0.95_rep_seq.phages_combined.fna
    output: /home/administrator/phd/crassify_out_2025-08-31/diamond_db/query_proteomes.faa
    jobid: 1
    reason: Missing output files: /home/administrator/phd/crassify_out_2025-08-31/diamond_db/query_proteomes.faa
    resources: tmpdir=/tmp


[Sun Aug 31 17:13:47 2025]
rule check_circularity:
    input: /home/administrator/phd/soil_2025/combined_easy_cluster_min_seq_id_0.95_rep_seq.phages_combined.fna
    output: /home/administrator/phd/crassify_out_2025-08-31/circularity_report.txt
    jobid: 6
    reason: Missing output files: /home/administrator/phd/crassify_out_2025-08-31/circularity_report.txt
    resources: tmpdir=/tmp

[Sun Aug 31 17:14:34 2025]
Finished job 1.
1 of 7 steps (14%) done
Select jobs to execute...

[Sun Aug 31 17:14:34 2025]
rule run_diamond_blastp:
    input: /home/administrator/phd/crassify_out_2025-08-31/diamond_db/query_proteomes.faa, /home/administrator/phd/ICTV_DB/DB_2024/CRASSIFY_DB.dmnd
    output: /home/administrator/phd/crassify_out_2025-08-31/diamond_db/matches.tsv
    jobid: 2
    reason: Missing output files: /home/administrator/phd/crassify_out_2025-08-31/diamond_db/matches.tsv; Input files updated by another job: /home/administrator/phd/crassify_out_2025-08-31/diamond_db/query_proteomes.faa
    resources: tmpdir=/tmp

Terminating processes on user request, this might take some time.
[Sun Aug 31 17:15:57 2025]
Error in rule run_diamond_blastp:
    jobid: 2
    input: /home/administrator/phd/crassify_out_2025-08-31/diamond_db/query_proteomes.faa, /home/administrator/phd/ICTV_DB/DB_2024/CRASSIFY_DB.dmnd
    output: /home/administrator/phd/crassify_out_2025-08-31/diamond_db/matches.tsv
    shell:
        diamond blastp -d /home/administrator/phd/ICTV_DB/DB_2024/CRASSIFY_DB.dmnd -q /home/administrator/phd/crassify_out_2025-08-31/diamond_db/query_proteomes.faa --ultra-sensitive --no-self-hits --max-target-seqs 5 --evalue 0.001 -o /home/administrator/phd/crassify_out_2025-08-31/diamond_db/matches.tsv
        (one of the commands exited with non-zero exit code; note that snakemake uses bash strict mode!)

Cancelling snakemake on user request.
