Building DAG of jobs...
Using shell: /usr/bin/bash
Provided cores: 8
Rules claiming more threads will be scaled down.
Job stats:
job          count
---------  -------
all              1
crassify         1
visualize        1
total            3

Select jobs to execute...

[Tue Sep  2 13:54:57 2025]
rule crassify:
    input: /home/administrator/phd/diamond_db/matches.tsv, /home/administrator/phd/diamond_db/query_proteomes.faa, data/ICTV_metadata_2025.csv
    output: /home/administrator/phd/percentage_viral.csv, /home/administrator/phd/feature_metadata.tsv
    jobid: 2
    reason: Missing output files: /home/administrator/phd/percentage_viral.csv
    resources: tmpdir=/tmp

Waiting at most 5 seconds for missing files.
Terminating processes on user request, this might take some time.
Complete log: .snakemake/log/2025-09-02T135456.959718.snakemake.log
