Building DAG of jobs...
Using shell: /usr/bin/bash
Provided cores: 8
Rules claiming more threads will be scaled down.
Job stats:
job          count
---------  -------
all              1
crassify         1
visualize        1
total            3

Select jobs to execute...

[Tue Sep  2 18:03:48 2025]
rule crassify:
    input: /home/administrator/phd/crassify_out_2025-09-02/diamond_db/matches.tsv, /home/administrator/phd/crassify_out_2025-09-02/diamond_db/query_proteomes.faa, data/ICTV_metadata_2025.csv
    output: /home/administrator/phd/crassify_out_2025-09-02/percentage_viral.csv
    jobid: 2
    reason: Missing output files: /home/administrator/phd/crassify_out_2025-09-02/percentage_viral.csv
    resources: tmpdir=/tmp

[Tue Sep  2 18:03:55 2025]
Finished job 2.
1 of 3 steps (33%) done
Select jobs to execute...

[Tue Sep  2 18:03:55 2025]
rule visualize:
    input: /home/administrator/phd/crassify_out_2025-09-02/percentage_viral.csv
    output: /home/administrator/phd/crassify_out_2025-09-02/crassify_summary.pdf
    jobid: 1
    reason: Missing output files: /home/administrator/phd/crassify_out_2025-09-02/crassify_summary.pdf; Input files updated by another job: /home/administrator/phd/crassify_out_2025-09-02/percentage_viral.csv
    resources: tmpdir=/tmp

Shutting down, this might take some time.
Exiting because a job execution failed. Look above for error message
Complete log: .snakemake/log/2025-09-02T180348.521568.snakemake.log
