Building DAG of jobs...
Using shell: /usr/bin/bash
Provided cores: 8
Rules claiming more threads will be scaled down.
Job stats:
job                   count
------------------  -------
all                       1
crassify                  1
run_diamond_blastp        1
visualize                 1
total                     4

Select jobs to execute...

[Wed Sep 24 17:47:27 2025]
rule run_diamond_blastp:
    input: /home/administrator/phd/crassify_out_2025-09-24/diamond_db/query_proteomes.faa, data/crassify_DB_2025.dmnd
    output: /home/administrator/phd/crassify_out_2025-09-24/diamond_db/matches.tsv
    jobid: 3
    reason: Forced execution
    resources: tmpdir=/tmp

[Wed Sep 24 18:06:04 2025]
Finished job 3.
1 of 4 steps (25%) done
Select jobs to execute...

[Wed Sep 24 18:06:04 2025]
rule crassify:
    input: /home/administrator/phd/crassify_out_2025-09-24/diamond_db/matches.tsv, /home/administrator/phd/crassify_out_2025-09-24/diamond_db/query_proteomes.faa, data/crassify_metadata.csv
    output: /home/administrator/phd/crassify_out_2025-09-24/percentage_viral.csv
    jobid: 2
    reason: Missing output files: /home/administrator/phd/crassify_out_2025-09-24/percentage_viral.csv; Input files updated by another job: /home/administrator/phd/crassify_out_2025-09-24/diamond_db/matches.tsv
    resources: tmpdir=/tmp

[Wed Sep 24 18:06:04 2025]
Error in rule crassify:
    jobid: 2
    input: /home/administrator/phd/crassify_out_2025-09-24/diamond_db/matches.tsv, /home/administrator/phd/crassify_out_2025-09-24/diamond_db/query_proteomes.faa, data/crassify_metadata.csv
    output: /home/administrator/phd/crassify_out_2025-09-24/percentage_viral.csv
    shell:
        python scripts/cli.py -p /home/administrator/phd/crassify_out_2025-09-24/diamond_db/query_proteomes.faa -m /home/administrator/phd/crassify_out_2025-09-24/diamond_db/matches.tsv --metadata data/crassify_metadata.csv -o /home/administrator/phd/crassify_out_2025-09-24
        (one of the commands exited with non-zero exit code; note that snakemake uses bash strict mode!)

Shutting down, this might take some time.
Exiting because a job execution failed. Look above for error message
Complete log: .snakemake/log/2025-09-24T174726.922127.snakemake.log
