Building DAG of jobs...
Using shell: /usr/bin/bash
Provided cores: 8
Rules claiming more threads will be scaled down.
Job stats:
job                     count
--------------------  -------
all                         1
crassify                    1
run_diamond_blastp          1
translate_metagenome        1
visualize                   1
total                       5

Select jobs to execute...

[Wed Sep  3 11:39:10 2025]
rule translate_metagenome:
    input: /home/administrator/phd/soil_2025/combined_easy_cluster_min_seq_id_0.95_rep_seq.phages_combined.fna
    output: /home/administrator/phd/crassify_out_2025-09-03/diamond_db/query_proteomes.faa
    jobid: 4
    reason: Missing output files: /home/administrator/phd/crassify_out_2025-09-03/diamond_db/query_proteomes.faa
    resources: tmpdir=/tmp

[Wed Sep  3 11:42:09 2025]
Finished job 4.
1 of 5 steps (20%) done
Select jobs to execute...

[Wed Sep  3 11:42:10 2025]
rule run_diamond_blastp:
    input: /home/administrator/phd/crassify_out_2025-09-03/diamond_db/query_proteomes.faa, data/crassify_DB_2025.dmnd
    output: /home/administrator/phd/crassify_out_2025-09-03/diamond_db/matches.tsv
    jobid: 3
    reason: Missing output files: /home/administrator/phd/crassify_out_2025-09-03/diamond_db/matches.tsv; Input files updated by another job: /home/administrator/phd/crassify_out_2025-09-03/diamond_db/query_proteomes.faa
    resources: tmpdir=/tmp

[Wed Sep  3 11:44:41 2025]
Finished job 3.
2 of 5 steps (40%) done
Select jobs to execute...

[Wed Sep  3 11:44:41 2025]
rule crassify:
    input: /home/administrator/phd/crassify_out_2025-09-03/diamond_db/matches.tsv, /home/administrator/phd/crassify_out_2025-09-03/diamond_db/query_proteomes.faa, data/crassify_metadata.csv
    output: /home/administrator/phd/crassify_out_2025-09-03/percentage_viral.csv
    jobid: 2
    reason: Missing output files: /home/administrator/phd/crassify_out_2025-09-03/percentage_viral.csv; Input files updated by another job: /home/administrator/phd/crassify_out_2025-09-03/diamond_db/query_proteomes.faa, /home/administrator/phd/crassify_out_2025-09-03/diamond_db/matches.tsv
    resources: tmpdir=/tmp

[Wed Sep  3 11:44:46 2025]
Finished job 2.
3 of 5 steps (60%) done
Select jobs to execute...

[Wed Sep  3 11:44:46 2025]
rule visualize:
    input: /home/administrator/phd/crassify_out_2025-09-03/percentage_viral.csv
    output: /home/administrator/phd/crassify_out_2025-09-03/crassify_summary.pdf
    jobid: 1
    reason: Missing output files: /home/administrator/phd/crassify_out_2025-09-03/crassify_summary.pdf; Input files updated by another job: /home/administrator/phd/crassify_out_2025-09-03/percentage_viral.csv
    resources: tmpdir=/tmp

Shutting down, this might take some time.
Exiting because a job execution failed. Look above for error message
Complete log: .snakemake/log/2025-09-03T113909.872714.snakemake.log
