Building DAG of jobs...
Using shell: /usr/bin/bash
Provided cores: 8
Rules claiming more threads will be scaled down.
Job stats:
job          count
---------  -------
all              1
crassify         1
visualize        1
total            3

Select jobs to execute...

[Wed Sep  3 13:43:50 2025]
rule crassify:
    input: /home/administrator/phd/crassify_out_2025-09-03/diamond_db/matches.tsv, /home/administrator/phd/crassify_out_2025-09-03/diamond_db/query_proteomes.faa, data/crassify_metadata.csv
    output: /home/administrator/phd/crassify_out_2025-09-03/percentage_viral.csv
    jobid: 2
    reason: Missing output files: /home/administrator/phd/crassify_out_2025-09-03/percentage_viral.csv
    resources: tmpdir=/tmp

[Wed Sep  3 13:43:56 2025]
Finished job 2.
1 of 3 steps (33%) done
Select jobs to execute...

[Wed Sep  3 13:43:56 2025]
rule visualize:
    input: /home/administrator/phd/crassify_out_2025-09-03/percentage_viral.csv
    output: /home/administrator/phd/crassify_out_2025-09-03/crassify_summary.pdf
    jobid: 1
    reason: Missing output files: /home/administrator/phd/crassify_out_2025-09-03/crassify_summary.pdf; Input files updated by another job: /home/administrator/phd/crassify_out_2025-09-03/percentage_viral.csv
    resources: tmpdir=/tmp

Shutting down, this might take some time.
Exiting because a job execution failed. Look above for error message
Complete log: .snakemake/log/2025-09-03T134350.549182.snakemake.log
