Building DAG of jobs...
Using shell: /usr/bin/bash
Provided cores: 8
Rules claiming more threads will be scaled down.
Job stats:
job                   count
------------------  -------
all                       1
crassify                  1
run_diamond_blastp        1
visualize                 1
total                     4

Select jobs to execute...

[Tue Sep  2 15:36:01 2025]
rule run_diamond_blastp:
    input: /home/administrator/phd/crassify_out_2025-09-02/diamond_db/query_proteomes.faa, /home/administrator/phd/ICTV_DB/DB_2024/ICTV_proteomes_2025.dmnd
    output: /home/administrator/phd/crassify_out_2025-09-02/diamond_db/matches.tsv
    jobid: 3
    reason: Updated input files: /home/administrator/phd/ICTV_DB/DB_2024/ICTV_proteomes_2025.dmnd
    resources: tmpdir=/tmp

[Tue Sep  2 15:43:44 2025]
Finished job 3.
1 of 4 steps (25%) done
Select jobs to execute...

[Tue Sep  2 15:43:44 2025]
rule crassify:
    input: /home/administrator/phd/crassify_out_2025-09-02/diamond_db/matches.tsv, /home/administrator/phd/crassify_out_2025-09-02/diamond_db/query_proteomes.faa, /home/administrator/phd/ICTV_DB/DB_2024/ICTV_metadata_2025.csv
    output: /home/administrator/phd/crassify_out_2025-09-02/percentage_viral.csv, /home/administrator/phd/crassify_out_2025-09-02/feature_metadata.tsv
    jobid: 2
    reason: Missing output files: /home/administrator/phd/crassify_out_2025-09-02/percentage_viral.csv; Input files updated by another job: /home/administrator/phd/crassify_out_2025-09-02/diamond_db/matches.tsv
    resources: tmpdir=/tmp

[Tue Sep  2 15:43:52 2025]
Error in rule crassify:
    jobid: 2
    input: /home/administrator/phd/crassify_out_2025-09-02/diamond_db/matches.tsv, /home/administrator/phd/crassify_out_2025-09-02/diamond_db/query_proteomes.faa, /home/administrator/phd/ICTV_DB/DB_2024/ICTV_metadata_2025.csv
    output: /home/administrator/phd/crassify_out_2025-09-02/percentage_viral.csv, /home/administrator/phd/crassify_out_2025-09-02/feature_metadata.tsv
    shell:
        python scripts/cli.py -p /home/administrator/phd/crassify_out_2025-09-02/diamond_db/query_proteomes.faa -m /home/administrator/phd/crassify_out_2025-09-02/diamond_db/matches.tsv --metadata /home/administrator/phd/ICTV_DB/DB_2024/ICTV_metadata_2025.csv -o /home/administrator/phd/crassify_out_2025-09-02
        (one of the commands exited with non-zero exit code; note that snakemake uses bash strict mode!)

Shutting down, this might take some time.
Exiting because a job execution failed. Look above for error message
Complete log: .snakemake/log/2025-09-02T153601.370256.snakemake.log
