Config file config.yaml is extended by additional config specified via the command line.
Building DAG of jobs...
Using shell: /usr/bin/bash
Provided cores: 24
Rules claiming more threads will be scaled down.
Job stats:
job                     count
--------------------  -------
all                         1
crassify                    1
run_diamond_blastp          1
translate_metagenome        1
visualize                   1
total                       5

Select jobs to execute...

[Wed Sep 24 18:29:02 2025]
rule translate_metagenome:
    input: /home/administrator/phd/crassify_v2/sample_data/test_phages_nucl/pooled_test_phages.fna
    output: /home/administrator/phd/crassify_out_2025-09-24/diamond_db/query_proteomes.faa
    jobid: 4
    reason: Set of input files has changed since last execution
    resources: tmpdir=/tmp

[Wed Sep 24 18:29:07 2025]
Finished job 4.
1 of 5 steps (20%) done
Select jobs to execute...

[Wed Sep 24 18:29:07 2025]
rule run_diamond_blastp:
    input: /home/administrator/phd/crassify_out_2025-09-24/diamond_db/query_proteomes.faa, /home/administrator/phd/crassify_v2/data/crassify_DB_2025.dmnd
    output: /home/administrator/phd/crassify_out_2025-09-24/diamond_db/matches.tsv
    jobid: 3
    reason: Input files updated by another job: /home/administrator/phd/crassify_out_2025-09-24/diamond_db/query_proteomes.faa
    resources: tmpdir=/tmp

[Wed Sep 24 18:29:42 2025]
Finished job 3.
2 of 5 steps (40%) done
Select jobs to execute...

[Wed Sep 24 18:29:42 2025]
rule crassify:
    input: /home/administrator/phd/crassify_out_2025-09-24/diamond_db/matches.tsv, /home/administrator/phd/crassify_out_2025-09-24/diamond_db/query_proteomes.faa, /home/administrator/phd/crassify_v2/data/crassify_metadata.csv
    output: /home/administrator/phd/crassify_out_2025-09-24/percentage_viral.csv
    jobid: 2
    reason: Missing output files: /home/administrator/phd/crassify_out_2025-09-24/percentage_viral.csv; Input files updated by another job: /home/administrator/phd/crassify_out_2025-09-24/diamond_db/query_proteomes.faa, /home/administrator/phd/crassify_out_2025-09-24/diamond_db/matches.tsv
    resources: tmpdir=/tmp

[Wed Sep 24 18:29:46 2025]
Finished job 2.
3 of 5 steps (60%) done
Select jobs to execute...

[Wed Sep 24 18:29:46 2025]
rule visualize:
    input: /home/administrator/phd/crassify_out_2025-09-24/percentage_viral.csv
    output: /home/administrator/phd/crassify_out_2025-09-24/crassify_summary.pdf
    jobid: 1
    reason: Input files updated by another job: /home/administrator/phd/crassify_out_2025-09-24/percentage_viral.csv
    resources: tmpdir=/tmp

[Wed Sep 24 18:29:50 2025]
Finished job 1.
4 of 5 steps (80%) done
Select jobs to execute...

[Wed Sep 24 18:29:50 2025]
localrule all:
    input: /home/administrator/phd/crassify_out_2025-09-24/crassify_summary.pdf
    jobid: 0
    reason: Input files updated by another job: /home/administrator/phd/crassify_out_2025-09-24/crassify_summary.pdf
    resources: tmpdir=/tmp

[Wed Sep 24 18:29:50 2025]
Finished job 0.
5 of 5 steps (100%) done
Complete log: .snakemake/log/2025-09-24T182902.491269.snakemake.log
