Building DAG of jobs...
Using shell: /usr/bin/bash
Provided cores: 8
Rules claiming more threads will be scaled down.
Job stats:
job                   count
------------------  -------
all                       1
crassify                  1
run_diamond_blastp        1
visualize                 1
total                     4

Select jobs to execute...

[Tue Sep  2 17:25:06 2025]
rule run_diamond_blastp:
    input: /home/administrator/phd/crassify_out_2025-09-02/diamond_db/query_proteomes.faa, /home/administrator/phd/ICTV_DB/DB_2024/ICTV_proteomes_2025.dmnd
    output: /home/administrator/phd/crassify_out_2025-09-02/diamond_db/matches.tsv
    jobid: 3
    reason: Missing output files: /home/administrator/phd/crassify_out_2025-09-02/diamond_db/matches.tsv
    resources: tmpdir=/tmp

[Tue Sep  2 17:32:41 2025]
Finished job 3.
1 of 4 steps (25%) done
Select jobs to execute...

[Tue Sep  2 17:32:41 2025]
rule crassify:
    input: /home/administrator/phd/crassify_out_2025-09-02/diamond_db/matches.tsv, /home/administrator/phd/crassify_out_2025-09-02/diamond_db/query_proteomes.faa, data/ICTV_metadata_2025.csv
    output: /home/administrator/phd/crassify_out_2025-09-02/percentage_viral.csv
    jobid: 2
    reason: Missing output files: /home/administrator/phd/crassify_out_2025-09-02/percentage_viral.csv; Input files updated by another job: /home/administrator/phd/crassify_out_2025-09-02/diamond_db/matches.tsv
    resources: tmpdir=/tmp

[Tue Sep  2 17:32:48 2025]
Finished job 2.
2 of 4 steps (50%) done
Select jobs to execute...

[Tue Sep  2 17:32:48 2025]
rule visualize:
    input: /home/administrator/phd/crassify_out_2025-09-02/percentage_viral.csv
    output: /home/administrator/phd/crassify_out_2025-09-02/crassify_summary.pdf
    jobid: 1
    reason: Missing output files: /home/administrator/phd/crassify_out_2025-09-02/crassify_summary.pdf; Input files updated by another job: /home/administrator/phd/crassify_out_2025-09-02/percentage_viral.csv
    resources: tmpdir=/tmp

[Tue Sep  2 17:32:51 2025]
Finished job 1.
3 of 4 steps (75%) done
Select jobs to execute...

[Tue Sep  2 17:32:51 2025]
localrule all:
    input: /home/administrator/phd/crassify_out_2025-09-02/crassify_summary.pdf
    jobid: 0
    reason: Input files updated by another job: /home/administrator/phd/crassify_out_2025-09-02/crassify_summary.pdf
    resources: tmpdir=/tmp

[Tue Sep  2 17:32:51 2025]
Finished job 0.
4 of 4 steps (100%) done
Complete log: .snakemake/log/2025-09-02T172506.815525.snakemake.log
