Building DAG of jobs...
Using shell: /usr/bin/bash
Provided cores: 4
Rules claiming more threads will be scaled down.
Job stats:
job                     count
--------------------  -------
all                         1
check_circularity           1
crassify                    1
decenttree                  1
dendogram                   1
run_diamond_blastp          1
translate_metagenome        1
total                       7

Select jobs to execute...

[Mon May  5 20:53:24 2025]
rule translate_metagenome:
    input: /home/administrator/phd/soil/irish_soil_LVD_magvirus_pooled/irish_phage_contigs.fasta
    output: /home/administrator/phd/crassify_out_2025-05-05_20-53-23/diamond_db/query_proteomes.faa
    jobid: 1
    reason: Missing output files: /home/administrator/phd/crassify_out_2025-05-05_20-53-23/diamond_db/query_proteomes.faa
    resources: tmpdir=/tmp


[Mon May  5 20:53:24 2025]
rule check_circularity:
    input: /home/administrator/phd/soil/irish_soil_LVD_magvirus_pooled/irish_phage_contigs.fasta
    output: /home/administrator/phd/crassify_out_2025-05-05_20-53-23/circularity_report.txt
    jobid: 6
    reason: Missing output files: /home/administrator/phd/crassify_out_2025-05-05_20-53-23/circularity_report.txt
    resources: tmpdir=/tmp

[Mon May  5 20:53:44 2025]
Finished job 1.
1 of 7 steps (14%) done
Select jobs to execute...

[Mon May  5 20:53:44 2025]
rule run_diamond_blastp:
    input: /home/administrator/phd/crassify_out_2025-05-05_20-53-23/diamond_db/query_proteomes.faa, /home/administrator/phd/ICTV_DB/DB_2024/CRASSIFY_DB.dmnd
    output: /home/administrator/phd/crassify_out_2025-05-05_20-53-23/diamond_db/matches.tsv
    jobid: 2
    reason: Missing output files: /home/administrator/phd/crassify_out_2025-05-05_20-53-23/diamond_db/matches.tsv; Input files updated by another job: /home/administrator/phd/crassify_out_2025-05-05_20-53-23/diamond_db/query_proteomes.faa
    resources: tmpdir=/tmp

[Mon May  5 20:56:38 2025]
Finished job 2.
2 of 7 steps (29%) done
Select jobs to execute...

[Mon May  5 20:56:38 2025]
rule crassify:
    input: /home/administrator/phd/crassify_out_2025-05-05_20-53-23/diamond_db/matches.tsv, /home/administrator/phd/crassify_out_2025-05-05_20-53-23/diamond_db/query_proteomes.faa, /home/administrator/phd/ICTV_DB/DB_2024/CRASSIFY_DB.dmnd, /home/administrator/phd/ICTV_DB/DB_2024/ICTV_metadata.csv
    output: /home/administrator/phd/crassify_out_2025-05-05_20-53-23/feature_metadata.tsv, /home/administrator/phd/crassify_out_2025-05-05_20-53-23/phylip.dist
    jobid: 4
    reason: Missing output files: /home/administrator/phd/crassify_out_2025-05-05_20-53-23/feature_metadata.tsv, /home/administrator/phd/crassify_out_2025-05-05_20-53-23/phylip.dist; Input files updated by another job: /home/administrator/phd/crassify_out_2025-05-05_20-53-23/diamond_db/query_proteomes.faa, /home/administrator/phd/crassify_out_2025-05-05_20-53-23/diamond_db/matches.tsv
    resources: tmpdir=/tmp

[Mon May  5 20:56:39 2025]
Error in rule crassify:
    jobid: 4
    input: /home/administrator/phd/crassify_out_2025-05-05_20-53-23/diamond_db/matches.tsv, /home/administrator/phd/crassify_out_2025-05-05_20-53-23/diamond_db/query_proteomes.faa, /home/administrator/phd/ICTV_DB/DB_2024/CRASSIFY_DB.dmnd, /home/administrator/phd/ICTV_DB/DB_2024/ICTV_metadata.csv
    output: /home/administrator/phd/crassify_out_2025-05-05_20-53-23/feature_metadata.tsv, /home/administrator/phd/crassify_out_2025-05-05_20-53-23/phylip.dist
    shell:
        
        python crassify.py         -p /home/administrator/phd/crassify_out_2025-05-05_20-53-23/diamond_db/query_proteomes.faa         -m /home/administrator/phd/crassify_out_2025-05-05_20-53-23/diamond_db/matches.tsv         --metadata /home/administrator/phd/ICTV_DB/DB_2024/ICTV_metadata.csv         -o /home/administrator/phd/crassify_out_2025-05-05_20-53-23         --input_type nucleotide
        
        (one of the commands exited with non-zero exit code; note that snakemake uses bash strict mode!)

Terminating processes on user request, this might take some time.
Cancelling snakemake on user request.
