Building DAG of jobs...
Using shell: /usr/bin/bash
Provided cores: 8
Rules claiming more threads will be scaled down.
Job stats:
job                     count
--------------------  -------
all                         1
crassify                    1
run_diamond_blastp          1
translate_metagenome        1
visualize                   1
total                       5

Select jobs to execute...

[Tue Sep  9 11:38:26 2025]
rule translate_metagenome:
    input: /home/administrator/phd/soil_2025/combined_easy_cluster_min_seq_id_0.95_rep_seq.phages_combined.fna
    output: /home/administrator/phd/crassify_out_2025-09-09/diamond_db/query_proteomes.faa
    jobid: 4
    reason: Missing output files: /home/administrator/phd/crassify_out_2025-09-09/diamond_db/query_proteomes.faa
    resources: tmpdir=/tmp

[Tue Sep  9 11:41:24 2025]
Finished job 4.
1 of 5 steps (20%) done
Select jobs to execute...

[Tue Sep  9 11:41:24 2025]
rule run_diamond_blastp:
    input: /home/administrator/phd/crassify_out_2025-09-09/diamond_db/query_proteomes.faa, data/crassify_DB_2025.dmnd
    output: /home/administrator/phd/crassify_out_2025-09-09/diamond_db/matches.tsv
    jobid: 3
    reason: Missing output files: /home/administrator/phd/crassify_out_2025-09-09/diamond_db/matches.tsv; Input files updated by another job: /home/administrator/phd/crassify_out_2025-09-09/diamond_db/query_proteomes.faa
    resources: tmpdir=/tmp

[Tue Sep  9 11:43:56 2025]
Finished job 3.
2 of 5 steps (40%) done
Select jobs to execute...

[Tue Sep  9 11:43:56 2025]
rule crassify:
    input: /home/administrator/phd/crassify_out_2025-09-09/diamond_db/matches.tsv, /home/administrator/phd/crassify_out_2025-09-09/diamond_db/query_proteomes.faa, data/crassify_metadata.csv
    output: /home/administrator/phd/crassify_out_2025-09-09/percentage_viral.csv
    jobid: 2
    reason: Missing output files: /home/administrator/phd/crassify_out_2025-09-09/percentage_viral.csv; Input files updated by another job: /home/administrator/phd/crassify_out_2025-09-09/diamond_db/query_proteomes.faa, /home/administrator/phd/crassify_out_2025-09-09/diamond_db/matches.tsv
    resources: tmpdir=/tmp

[Tue Sep  9 11:44:02 2025]
Finished job 2.
3 of 5 steps (60%) done
Select jobs to execute...

[Tue Sep  9 11:44:02 2025]
rule visualize:
    input: /home/administrator/phd/crassify_out_2025-09-09/percentage_viral.csv
    output: /home/administrator/phd/crassify_out_2025-09-09/crassify_summary.pdf
    jobid: 1
    reason: Missing output files: /home/administrator/phd/crassify_out_2025-09-09/crassify_summary.pdf; Input files updated by another job: /home/administrator/phd/crassify_out_2025-09-09/percentage_viral.csv
    resources: tmpdir=/tmp

[Tue Sep  9 11:44:06 2025]
Finished job 1.
4 of 5 steps (80%) done
Select jobs to execute...

[Tue Sep  9 11:44:06 2025]
localrule all:
    input: /home/administrator/phd/crassify_out_2025-09-09/crassify_summary.pdf
    jobid: 0
    reason: Input files updated by another job: /home/administrator/phd/crassify_out_2025-09-09/crassify_summary.pdf
    resources: tmpdir=/tmp

[Tue Sep  9 11:44:06 2025]
Finished job 0.
5 of 5 steps (100%) done
Complete log: .snakemake/log/2025-09-09T113826.609578.snakemake.log
